<?xml version="1.0" encoding="UTF-8"?>
<testng-results ignored="0" total="0" passed="0" failed="0" skipped="0">
  <reporter-output>
  </reporter-output>
  <suite started-at="2024-03-16T09:33:22 IST" name="Default suite" finished-at="2024-03-16T09:33:25 IST" duration-ms="2886">
    <groups>
      <group name="cucumber">
        <method signature="AbstractTestNGCucumberTests.runScenario(io.cucumber.testng.PickleWrapper,io.cucumber.testng.FeatureWrapper)[pri:0, instance:RunnerClass.RunnerTest@d5b810e]" name="runScenario" class="io.cucumber.testng.AbstractTestNGCucumberTests"/>
      </group> <!-- cucumber -->
    </groups>
    <test started-at="2024-03-16T09:33:22 IST" name="Default test" finished-at="2024-03-16T09:33:25 IST" duration-ms="2886">
      <class name="RunnerClass.RunnerTest">
        <test-method is-config="true" signature="setUpClass(org.testng.ITestContext)[pri:0, instance:RunnerClass.RunnerTest@d5b810e]" started-at="2024-03-16T09:33:22 IST" name="setUpClass" finished-at="2024-03-16T09:33:25 IST" duration-ms="2736" status="PASS">
          <params>
            <param index="0">
              <value>
                <![CDATA[org.testng.TestRunner@3591009c]]>
              </value>
            </param>
          </params>
          <reporter-output>
          </reporter-output>
        </test-method> <!-- setUpClass -->
        <test-method is-config="true" signature="tearDownClass()[pri:0, instance:RunnerClass.RunnerTest@d5b810e]" started-at="2024-03-16T09:33:25 IST" name="tearDownClass" finished-at="2024-03-16T09:33:25 IST" duration-ms="113" status="PASS">
          <reporter-output>
          </reporter-output>
        </test-method> <!-- tearDownClass -->
      </class> <!-- RunnerClass.RunnerTest -->
    </test> <!-- Default test -->
  </suite> <!-- Default suite -->
</testng-results>
